<?xml version="1.0" encoding="UTF-8"?>
<testng-results skipped="0" failed="0" ignored="0" total="1" passed="1">
  <reporter-output>
  </reporter-output>
  <suite name="Default suite" duration-ms="16004" started-at="2020-09-01T20:54:51 IST" finished-at="2020-09-01T20:55:07 IST">
    <groups>
    </groups>
    <test name="Default test" duration-ms="16004" started-at="2020-09-01T20:54:51 IST" finished-at="2020-09-01T20:55:07 IST">
      <class name="test.api.automation.RestTest1">
        <test-method status="PASS" signature="TC001()[pri:0, instance:test.api.automation.RestTest1@7d0587f1]" name="TC001" duration-ms="15825" started-at="2020-09-01T20:54:51 IST" finished-at="2020-09-01T20:55:07 IST">
          <reporter-output>
          </reporter-output>
        </test-method> <!-- TC001 -->
      </class> <!-- test.api.automation.RestTest1 -->
    </test> <!-- Default test -->
  </suite> <!-- Default suite -->
</testng-results>
